#***************************************************************************

#sjplacer

#Version:            1.1

#Build Date:         Dec  5 2017 15:35:27

#File Generated:     Aug 13 2019 17:26:26

#Purpose:            

#Copyright (C) 2010-2011 by Softjin Technologies Pvt Ltd. All rights reserved.

#***************************************************************************

Executing : C:\Program Files (x86)\Cypress\PSoC Creator\4.2\PSoC Creator\bin/sjplacer.exe --proj-name I2C slave --netlist-vh2 I2C slave_p.vh2 --arch p4_udb2x2 --arch-file C:\Users\michi\OneDrive\Documents\PSoC Creator\4.2\Devices\arch/udbdsi_2x2_04.cydata --ip-file C:\Users\michi\OneDrive\Documents\PSoC Creator\4.2\Devices\psoc4/4/ip_blocks.cydata --rrg-file C:\Users\michi\OneDrive\Documents\PSoC Creator\4.2\Devices\psoc4/4/route_arch-rrg.cydata --irq-file C:\Users\michi\OneDrive\Documents\PSoC Creator\4.2\Devices\psoc4/4/irqconn.cydata --drq-file C:\Users\michi\OneDrive\Documents\PSoC Creator\4.2\Devices\psoc4/4/triggerconn.cydata --dsi-conn-file C:\Users\michi\OneDrive\Documents\PSoC Creator\4.2\Devices\psoc4/4/dsiconn.cydata --pins-file pins_64-TQFP.xml --lib-file I2C slave_p.lib --sdc-file I2C slave.sdc --io-pcf I2C slave.pci --outdir .

		Softjin Techologies Placer, Version 1.1

Build Date : Dec  5 2017	15:33:41

D2004: Option and Settings Summary
=============================================================
Netlist vh2 file          - I2C slave_p.vh2
Architecture file         - C:\Users\michi\OneDrive\Documents\PSoC Creator\4.2\Devices\arch/udbdsi_2x2_04.cydata
Package                   - 
Defparam file             - 
SDC file                  - I2C slave.sdc
Output directory          - .
Timing library            - I2C slave_p.lib
IO Placement file         - I2C slave.pci

D2050: Starting reading inputs for placer
=============================================================
D2065: Reading netlist file : "I2C slave_p.vh2"
D2065: Reading arch file : "C:\Users\michi\OneDrive\Documents\PSoC Creator\4.2\Devices\arch/udbdsi_2x2_04.cydata"
D2051: Reading of inputs for placer completed successfully

D2053: Starting placement of the design
=============================================================

Phase 2
Phase 3
I2659: No Constrained paths were found. The placer will run in non-timing driven mode.

Design Statistics after Packing
    Number of Combinational MCs 	:	0
    Number of Sequential MCs    	:	0
    Number of DPs               	:	0
    Number of Controls          	:	0
    Number of Status            	:	0
    Number of SyncCells         	:	0
    Number of count7cells       	:	0

Device Utilization Summary after Packing
    Macrocells                  :	0/32
    UDBS                        :	0/4
    IOs                         :	5/51


D2088: Phase 3, elapsed time : 0.0 (sec)

Phase 4
D2088: Phase 4, elapsed time : 0.0 (sec)

Phase 8
D2088: Phase 8, elapsed time : 0.0 (sec)

D2054: Placement of the design completed successfully

I2076: Total run-time: 0.5 sec.

